{"level":"info","msg":"grabbitMQ connect start....","time":"2023-02-07T18:16:16+08:00"}
{"level":"info","msg":"GetRabbitMQConfig common path:: /Users/ming/work/go/go-rigger/netmcset/rabbitmq.json","time":"2023-02-07T18:16:16+08:00"}
{"level":"error","msg":"GetRabbitMQConfig is not exist...","time":"2023-02-07T18:16:16+08:00"}
{"level":"info","msg":"grabbitMQ config:: &{    0 }","time":"2023-02-07T18:16:16+08:00"}
{"level":"error","msg":"rabbitmq CreateConnection 链接错误...Exception (403) Reason: \"username or password not allowed\"","time":"2023-02-07T18:16:19+08:00"}
{"level":"info","msg":"grabbitMQ connect success....","time":"2023-02-07T18:16:19+08:00"}
{"level":"info","msg":"grabbitMQ connect start....","time":"2023-02-07T18:18:49+08:00"}
{"level":"info","msg":"GetRabbitMQConfig common path:: /Users/ming/work/go/go-rigger/netmcset/rabbitmq.json","time":"2023-02-07T18:18:49+08:00"}
{"level":"info","msg":"grabbitMQ config:: &{127.0.0.1 5672 guest guest 5 mq:exchange:}","time":"2023-02-07T18:18:49+08:00"}
{"level":"info","msg":"grabbitMQ connect success....","time":"2023-02-07T18:18:49+08:00"}
{"level":"info","msg":"grabbitMQ connect start....","time":"2023-02-07T18:54:59+08:00"}
{"level":"info","msg":"GetRabbitMQConfig common path:: /Users/ming/work/go/go-rigger/netmcset/rabbitmq.json","time":"2023-02-07T18:54:59+08:00"}
{"level":"info","msg":"grabbitMQ config:: &{127.0.0.1 5672 guest guest 5 mq:exchange:}","time":"2023-02-07T18:54:59+08:00"}
{"level":"info","msg":"grabbitMQ connect success....","time":"2023-02-07T18:54:59+08:00"}
{"level":"info","msg":"grabbitMQ connect start....","time":"2023-02-07T21:42:56+08:00"}
{"level":"info","msg":"GetRabbitMQConfig common path:: /Users/ming/work/go/go-rigger/netmcset/rabbitmq.json","time":"2023-02-07T21:42:56+08:00"}
{"level":"info","msg":"grabbitMQ config:: &{127.0.0.1 5672 guest guest 5 mq:exchange: }","time":"2023-02-07T21:42:56+08:00"}
{"level":"error","msg":"CrateExchange ExchangeDeclare 创建交换器异常...Exception (503) Reason: \"COMMAND_INVALID - invalid exchange type ''\"","time":"2023-02-07T21:42:56+08:00"}
{"level":"info","msg":"grabbitMQ connect success....","time":"2023-02-07T21:42:56+08:00"}
{"level":"info","msg":"CreateQueue Channel 创建队列异常 error::Exception (504) Reason: \"channel/connection is not open\"","time":"2023-02-07T21:42:56+08:00"}
{"level":"info","msg":"CreateQueueBind Channel 创建绑定异常 error::Exception (504) Reason: \"channel/connection is not open\"","time":"2023-02-07T21:42:56+08:00"}
{"level":"info","msg":"SendMsg Channel 获取通信道异常 errorException (504) Reason: \"channel/connection is not open\"","time":"2023-02-07T21:42:56+08:00"}
{"level":"info","msg":"grabbitMQ connect start....","time":"2023-02-07T21:44:06+08:00"}
{"level":"info","msg":"GetRabbitMQConfig common path:: /Users/ming/work/go/go-rigger/netmcset/rabbitmq.json","time":"2023-02-07T21:44:06+08:00"}
{"level":"info","msg":"grabbitMQ config:: &{127.0.0.1 5672 guest guest 5 mq:exchange: }","time":"2023-02-07T21:44:06+08:00"}
{"level":"info","msg":"grabbitMQ connect success....","time":"2023-02-07T21:44:06+08:00"}
{"level":"info","msg":"CreateQueueBind QueueBind 创建绑定异常 error::Exception (404) Reason: \"NOT_FOUND - no exchange 'mq:exchange:' in vhost '/'\"","time":"2023-02-07T21:44:06+08:00"}
{"level":"info","msg":"grabbitMQ connect start....","time":"2023-02-07T21:56:05+08:00"}
{"level":"info","msg":"GetRabbitMQConfig common path:: /Users/ming/work/go/go-rigger/netmcset/rabbitmq.json","time":"2023-02-07T21:56:05+08:00"}
{"level":"info","msg":"grabbitMQ config:: &{127.0.0.1 5672 guest guest 5 mq:exchange: }","time":"2023-02-07T21:56:05+08:00"}
{"level":"info","msg":"grabbitMQ connect success....","time":"2023-02-07T21:56:05+08:00"}
{"level":"info","msg":"CreateQueueBind QueueBind 创建绑定异常 error::Exception (404) Reason: \"NOT_FOUND - no exchange 'mq:exchange:' in vhost '/'\"","time":"2023-02-07T21:56:05+08:00"}
{"level":"info","msg":"grabbitMQ connect start....","time":"2023-02-07T21:56:33+08:00"}
{"level":"info","msg":"GetRabbitMQConfig common path:: /Users/ming/work/go/go-rigger/netmcset/rabbitmq.json","time":"2023-02-07T21:56:33+08:00"}
{"level":"info","msg":"grabbitMQ config:: &{127.0.0.1 5672 guest guest 5 mq:exchange: }","time":"2023-02-07T21:56:33+08:00"}
{"level":"error","msg":"CrateExchange ExchangeDeclare 创建交换器异常...Exception (503) Reason: \"COMMAND_INVALID - invalid exchange type ''\"","time":"2023-02-07T21:56:33+08:00"}
{"level":"info","msg":"grabbitMQ connect success....","time":"2023-02-07T21:56:33+08:00"}
{"level":"info","msg":"CreateQueue Channel 创建队列异常 error::Exception (504) Reason: \"channel/connection is not open\"","time":"2023-02-07T21:56:33+08:00"}
{"level":"info","msg":"CreateQueueBind Channel 创建绑定异常 error::Exception (504) Reason: \"channel/connection is not open\"","time":"2023-02-07T21:56:33+08:00"}
{"level":"info","msg":"SendMsg Channel 获取通信道异常 errorException (504) Reason: \"channel/connection is not open\"","time":"2023-02-07T21:56:33+08:00"}
{"level":"info","msg":"grabbitMQ connect start....","time":"2023-02-07T21:58:59+08:00"}
{"level":"info","msg":"GetRabbitMQConfig common path:: /Users/ming/work/go/go-rigger/netmcset/rabbitmq.json","time":"2023-02-07T21:58:59+08:00"}
{"level":"info","msg":"grabbitMQ config:: &{127.0.0.1 5672 guest guest 5 mq:exchange: }","time":"2023-02-07T21:58:59+08:00"}
{"level":"error","msg":"CrateExchange ExchangeDeclare 创建交换器异常...Exception (503) Reason: \"COMMAND_INVALID - invalid exchange type ''\"","time":"2023-02-07T21:58:59+08:00"}
{"level":"info","msg":"grabbitMQ connect success....","time":"2023-02-07T21:58:59+08:00"}
{"level":"info","msg":"grabbitMQ connect start....","time":"2023-02-07T22:12:22+08:00"}
{"level":"info","msg":"GetRabbitMQConfig common path:: /Users/ming/work/go/go-rigger/netmcset/rabbitmq.json","time":"2023-02-07T22:12:22+08:00"}
{"level":"info","msg":"grabbitMQ config:: &{127.0.0.1 5672 guest guest 5 mq:exchange: }","time":"2023-02-07T22:12:22+08:00"}
{"level":"error","msg":"CrateExchange ExchangeDeclare 创建交换器异常...Exception (503) Reason: \"COMMAND_INVALID - invalid exchange type ''\"","time":"2023-02-07T22:12:22+08:00"}
{"level":"info","msg":"grabbitMQ connect success....","time":"2023-02-07T22:12:22+08:00"}
{"level":"info","msg":"grabbitMQ connect start....","time":"2023-02-07T22:20:04+08:00"}
{"level":"info","msg":"GetRabbitMQConfig common path:: /Users/ming/work/go/go-rigger/netmcset/rabbitmq.json","time":"2023-02-07T22:20:04+08:00"}
{"level":"info","msg":"grabbitMQ config:: &{127.0.0.1 5672 guest guest 5 mq:exchange: topic}","time":"2023-02-07T22:20:04+08:00"}
{"level":"info","msg":"grabbitMQ connect success....","time":"2023-02-07T22:20:04+08:00"}
{"level":"info","msg":"grabbitMQ connect start....","time":"2023-02-07T22:20:22+08:00"}
{"level":"info","msg":"GetRabbitMQConfig common path:: /Users/ming/work/go/go-rigger/netmcset/rabbitmq.json","time":"2023-02-07T22:20:22+08:00"}
{"level":"info","msg":"grabbitMQ config:: &{127.0.0.1 5672 guest guest 5 mq:exchange: topic}","time":"2023-02-07T22:20:22+08:00"}
{"level":"info","msg":"grabbitMQ connect success....","time":"2023-02-07T22:20:22+08:00"}
{"level":"info","msg":"grabbitMQ connect start....","time":"2023-02-07T22:21:22+08:00"}
{"level":"info","msg":"GetRabbitMQConfig common path:: /Users/ming/work/go/go-rigger/netmcset/rabbitmq.json","time":"2023-02-07T22:21:22+08:00"}
{"level":"info","msg":"grabbitMQ config:: &{127.0.0.1 5672 guest guest 5 mq:exchange: topic}","time":"2023-02-07T22:21:22+08:00"}
{"level":"info","msg":"grabbitMQ connect success....","time":"2023-02-07T22:21:22+08:00"}
